<?xml version="1.0" encoding="UTF-8"?>
<!-- Generated by org.testng.reporters.JUnitReportReporter -->
<testsuite hostname="LGDN13442-W7D01" name="testcase.LoginFunction" tests="1" failures="0" timestamp="3 Oct 2016 10:40:18 GMT" time="18.278" errors="0">
  <testcase name="LoginToHomePage" time="18.278" classname="testcase.LoginFunction"/>
</testsuite> <!-- testcase.LoginFunction -->
